<?xml version="1.0" encoding="UTF-8"?>
<testng-results ignored="0" total="2" passed="1" failed="1" skipped="0">
  <reporter-output>
  </reporter-output>
  <suite started-at="2025-01-11T22:57:22 PKT" name="ParallelTests" finished-at="2025-01-11T23:06:00 PKT" duration-ms="517987">
    <groups>
    </groups>
    <test started-at="2025-01-11T22:57:22 PKT" name="samsungA03" finished-at="2025-01-11T23:05:19 PKT" duration-ms="476813">
      <class name="adanautomation.Appium.TestRunner">
        <test-method is-config="true" signature="setup(java.lang.String,java.lang.String,java.lang.String,java.lang.String)[pri:0, instance:adanautomation.Appium.TestRunner@40005471]" started-at="2025-01-11T22:57:22 PKT" name="setup" finished-at="2025-01-11T22:57:40 PKT" duration-ms="17960" status="PASS">
          <params>
            <param index="0">
              <value>
                <![CDATA[SamsungA03]]>
              </value>
            </param>
            <param index="1">
              <value>
                <![CDATA[R9PRB00D68V]]>
              </value>
            </param>
            <param index="2">
              <value>
                <![CDATA[13]]>
              </value>
            </param>
            <param index="3">
              <value>
                <![CDATA[http://127.0.0.1:4725]]>
              </value>
            </param>
          </params>
          <reporter-output>
          </reporter-output>
        </test-method> <!-- setup -->
        <test-method is-config="true" signature="setUpPageObjects()[pri:0, instance:adanautomation.Appium.TestRunner@40005471]" started-at="2025-01-11T22:57:40 PKT" name="setUpPageObjects" finished-at="2025-01-11T22:57:40 PKT" duration-ms="4" status="PASS">
          <reporter-output>
          </reporter-output>
        </test-method> <!-- setUpPageObjects -->
        <test-method signature="NumberSearchFeature()[pri:0, instance:adanautomation.Appium.TestRunner@40005471]" started-at="2025-01-11T22:57:40 PKT" name="NumberSearchFeature" finished-at="2025-01-11T23:05:18 PKT" duration-ms="458374" status="PASS">
          <reporter-output>
          </reporter-output>
        </test-method> <!-- NumberSearchFeature -->
        <test-method is-config="true" signature="teardown()[pri:0, instance:adanautomation.Appium.TestRunner@40005471]" started-at="2025-01-11T23:05:18 PKT" name="teardown" finished-at="2025-01-11T23:05:19 PKT" duration-ms="428" status="PASS">
          <reporter-output>
          </reporter-output>
        </test-method> <!-- teardown -->
      </class> <!-- adanautomation.Appium.TestRunner -->
    </test> <!-- samsungA03 -->
    <test started-at="2025-01-11T22:57:22 PKT" name="sharp9" finished-at="2025-01-11T23:06:00 PKT" duration-ms="517987">
      <class name="adanautomation.Appium.TestRunner">
        <test-method is-config="true" signature="setup(java.lang.String,java.lang.String,java.lang.String,java.lang.String)[pri:0, instance:adanautomation.Appium.TestRunner@4afcd809]" started-at="2025-01-11T22:57:22 PKT" name="setup" finished-at="2025-01-11T22:57:51 PKT" duration-ms="28481" status="PASS">
          <params>
            <param index="0">
              <value>
                <![CDATA[Sharp9]]>
              </value>
            </param>
            <param index="1">
              <value>
                <![CDATA[353022081634054]]>
              </value>
            </param>
            <param index="2">
              <value>
                <![CDATA[9]]>
              </value>
            </param>
            <param index="3">
              <value>
                <![CDATA[http://127.0.0.1:4723]]>
              </value>
            </param>
          </params>
          <reporter-output>
          </reporter-output>
        </test-method> <!-- setup -->
        <test-method is-config="true" signature="setUpPageObjects()[pri:0, instance:adanautomation.Appium.TestRunner@4afcd809]" started-at="2025-01-11T22:57:51 PKT" name="setUpPageObjects" finished-at="2025-01-11T22:57:51 PKT" duration-ms="1" status="PASS">
          <reporter-output>
          </reporter-output>
        </test-method> <!-- setUpPageObjects -->
        <test-method signature="NumberSearchFeature()[pri:0, instance:adanautomation.Appium.TestRunner@4afcd809]" started-at="2025-01-11T22:57:51 PKT" name="NumberSearchFeature" finished-at="2025-01-11T23:06:00 PKT" duration-ms="489107" status="FAIL">
          <exception class="org.openqa.selenium.TimeoutException">
            <message>
              <![CDATA[Expected condition failed: waiting for visibility of Located by By.chained({AppiumBy.id: com.mobile.number.location.call.number.locator.call.tracker:id/rlClickConsumer}) (tried for 20 second(s) with 500 milliseconds interval)]]>
            </message>
            <full-stacktrace>
              <![CDATA[org.openqa.selenium.TimeoutException: Expected condition failed: waiting for visibility of Located by By.chained({AppiumBy.id: com.mobile.number.location.call.number.locator.call.tracker:id/rlClickConsumer}) (tried for 20 second(s) with 500 milliseconds interval)
at org.openqa.selenium.support.ui.WebDriverWait.timeoutException(WebDriverWait.java:84)
at org.openqa.selenium.support.ui.FluentWait.until(FluentWait.java:230)
at adanautomation.PageObject.NumberLocatorScreen.clickCountryFlag(NumberLocatorScreen.java:102)
at adanautomation.PageObject.NumberLocatorScreen.processCountries(NumberLocatorScreen.java:173)
at adanautomation.Appium.TestRunner.NumberSearchFeature(TestRunner.java:52)
at java.base/jdk.internal.reflect.DirectMethodHandleAccessor.invoke(DirectMethodHandleAccessor.java:103)
at java.base/java.lang.reflect.Method.invoke(Method.java:580)
at org.testng.internal.invokers.MethodInvocationHelper.invokeMethod(MethodInvocationHelper.java:139)
at org.testng.internal.invokers.TestInvoker.invokeMethod(TestInvoker.java:677)
at org.testng.internal.invokers.TestInvoker.invokeTestMethod(TestInvoker.java:221)
at org.testng.internal.invokers.MethodRunner.runInSequence(MethodRunner.java:50)
at org.testng.internal.invokers.TestInvoker$MethodInvocationAgent.invoke(TestInvoker.java:969)
at org.testng.internal.invokers.TestInvoker.invokeTestMethods(TestInvoker.java:194)
at org.testng.internal.invokers.TestMethodWorker.invokeTestMethods(TestMethodWorker.java:148)
at org.testng.internal.invokers.TestMethodWorker.run(TestMethodWorker.java:128)
at java.base/java.util.ArrayList.forEach(ArrayList.java:1596)
at org.testng.TestRunner.privateRun(TestRunner.java:829)
at org.testng.TestRunner.run(TestRunner.java:602)
at org.testng.SuiteRunner.runTest(SuiteRunner.java:437)
at org.testng.SuiteRunner$SuiteWorker.run(SuiteRunner.java:475)
at org.testng.internal.thread.ThreadUtil.lambda$execute$0(ThreadUtil.java:58)
at java.base/java.util.concurrent.FutureTask.run(FutureTask.java:317)
at java.base/java.util.concurrent.ThreadPoolExecutor.runWorker(ThreadPoolExecutor.java:1144)
at java.base/java.util.concurrent.ThreadPoolExecutor$Worker.run(ThreadPoolExecutor.java:642)
at java.base/java.lang.Thread.run(Thread.java:1583)
Caused by: org.openqa.selenium.NoSuchElementException: Can't locate an element by this strategy: By.chained({AppiumBy.id: com.mobile.number.location.call.number.locator.call.tracker:id/rlClickConsumer})
at io.appium.java_client.pagefactory.AppiumElementLocator.findElement(AppiumElementLocator.java:166)
at io.appium.java_client.pagefactory.interceptors.InterceptorOfASingleElement.call(InterceptorOfASingleElement.java:64)
at io.appium.java_client.proxy.Interceptor.intercept(Interceptor.java:78)
at org.openqa.selenium.remote.RemoteWebElement$ByteBuddy$BhV50uJN.isDisplayed(Unknown Source)
at org.openqa.selenium.support.ui.ExpectedConditions.elementIfVisible(ExpectedConditions.java:304)
at org.openqa.selenium.support.ui.ExpectedConditions.access$000(ExpectedConditions.java:37)
at org.openqa.selenium.support.ui.ExpectedConditions$10.apply(ExpectedConditions.java:290)
at org.openqa.selenium.support.ui.ExpectedConditions$10.apply(ExpectedConditions.java:287)
at org.openqa.selenium.support.ui.FluentWait.until(FluentWait.java:205)
... 23 more
Caused by: org.openqa.selenium.TimeoutException: Expected condition failed: waiting for io.appium.java_client.pagefactory.AppiumElementLocator$WaitingFunction@4ec26842 (tried for 1 second(s) with 500 milliseconds interval)
at org.openqa.selenium.support.ui.FluentWait.timeoutException(FluentWait.java:262)
at org.openqa.selenium.support.ui.FluentWait.until(FluentWait.java:230)
at io.appium.java_client.pagefactory.AppiumElementLocator.waitFor(AppiumElementLocator.java:135)
at io.appium.java_client.pagefactory.AppiumElementLocator.findElement(AppiumElementLocator.java:160)
... 31 more
Caused by: org.openqa.selenium.NoSuchElementException: Cannot locate an element using By.chained({AppiumBy.id: com.mobile.number.location.call.number.locator.call.tracker:id/rlClickConsumer})
For documentation on this error, please visit: https://www.selenium.dev/documentation/webdriver/troubleshooting/errors#no-such-element-exception
Build info: version: '4.13.0', revision: 'ba948ece5b*'
System info: os.name: 'Windows 10', os.arch: 'amd64', os.version: '10.0', java.version: '21.0.2'
Driver info: driver.version: RemoteWebDriver
at io.appium.java_client.pagefactory.bys.builder.ByChained.findElement(ByChained.java:77)
at org.openqa.selenium.remote.ElementLocation$ElementFinder$1.findElement(ElementLocation.java:139)
at org.openqa.selenium.remote.ElementLocation.findElement(ElementLocation.java:59)
at org.openqa.selenium.remote.RemoteWebDriver.findElement(RemoteWebDriver.java:359)
at org.openqa.selenium.remote.RemoteWebDriver.findElement(RemoteWebDriver.java:353)
at io.appium.java_client.pagefactory.bys.ContentMappedBy.findElement(ContentMappedBy.java:53)
at org.openqa.selenium.remote.ElementLocation$ElementFinder$1.findElement(ElementLocation.java:139)
at org.openqa.selenium.remote.ElementLocation.findElement(ElementLocation.java:59)
at org.openqa.selenium.remote.RemoteWebDriver.findElement(RemoteWebDriver.java:359)
at org.openqa.selenium.remote.RemoteWebDriver.findElement(RemoteWebDriver.java:353)
at io.appium.java_client.pagefactory.AppiumElementLocator.lambda$findElement$1(AppiumElementLocator.java:160)
at io.appium.java_client.pagefactory.AppiumElementLocator$WaitingFunction.apply(AppiumElementLocator.java:217)
at io.appium.java_client.pagefactory.AppiumElementLocator$WaitingFunction.apply(AppiumElementLocator.java:210)
at org.openqa.selenium.support.ui.FluentWait.until(FluentWait.java:205)
... 33 more
]]>
            </full-stacktrace>
          </exception> <!-- org.openqa.selenium.TimeoutException -->
          <reporter-output>
          </reporter-output>
        </test-method> <!-- NumberSearchFeature -->
        <test-method is-config="true" signature="teardown()[pri:0, instance:adanautomation.Appium.TestRunner@4afcd809]" started-at="2025-01-11T23:06:00 PKT" name="teardown" finished-at="2025-01-11T23:06:00 PKT" duration-ms="362" status="PASS">
          <reporter-output>
          </reporter-output>
        </test-method> <!-- teardown -->
      </class> <!-- adanautomation.Appium.TestRunner -->
    </test> <!-- sharp9 -->
  </suite> <!-- ParallelTests -->
</testng-results>
